<?xml version="1.0" encoding="UTF-8"?>
<!-- Generated by org.testng.reporters.JUnitReportReporter -->
<testsuite skipped="0" hostname="DESKTOP-3L3SNLT" name="myclass" tests="1" failures="0" timestamp="27 Sep 2019 08:14:14 GMT" time="9.123" errors="0">
  <testcase name="test1" time="9.123" classname="myclass"/>
</testsuite> <!-- myclass -->
